This is pdfTeX, Version 3.141592653-2.6-1.40.25 (MiKTeX 23.4) (preloaded format=pdflatex 2023.5.3)  5 AUG 2023 14:09
entering extended mode
 restricted \write18 enabled.
 %&-line parsing enabled.
**./Studienarbeit_Bericht.tex
(Studienarbeit_Bericht.tex
LaTeX2e <2022-11-01> patch level 1
L3 programming layer <2023-03-30>

LaTeX Warning: \include should only be used after \begin{document} on input lin
e 1.

(preamble/preamble.tex
(C:\Users\seidj\AppData\Local\Programs\MiKTeX\tex/latex/koma-script\scrbook.cls
Document Class: scrbook 2023/04/24 v3.40 KOMA-Script document class (book)

(C:\Users\seidj\AppData\Local\Programs\MiKTeX\tex/latex/koma-script\scrkbase.st
y
Package: scrkbase 2023/04/24 v3.40 KOMA-Script package (KOMA-Script-dependent b
asics and keyval usage)

(C:\Users\seidj\AppData\Local\Programs\MiKTeX\tex/latex/koma-script\scrbase.sty
Package: scrbase 2023/04/24 v3.40 KOMA-Script package (KOMA-Script-independent 
basics and keyval usage)

(C:\Users\seidj\AppData\Local\Programs\MiKTeX\tex/latex/koma-script\scrlfile.st
y
Package: scrlfile 2023/04/24 v3.40 KOMA-Script package (file load hooks)

(C:\Users\seidj\AppData\Local\Programs\MiKTeX\tex/latex/koma-script\scrlfile-ho
ok.sty
Package: scrlfile-hook 2023/04/24 v3.40 KOMA-Script package (using LaTeX hooks)


(C:\Users\seidj\AppData\Local\Programs\MiKTeX\tex/latex/koma-script\scrlogo.sty
Package: scrlogo 2023/04/24 v3.40 KOMA-Script package (logo)
))) (C:\Users\seidj\AppData\Local\Programs\MiKTeX\tex/latex/graphics\keyval.sty
Package: keyval 2022/05/29 v1.15 key=value parser (DPC)
\KV@toks@=\toks16
)
Applying: [2021/05/01] Usage of raw or classic option list on input line 252.
Already applied: [0000/00/00] Usage of raw or classic option list on input line
 368.
))
(C:\Users\seidj\AppData\Local\Programs\MiKTeX\tex/latex/koma-script\tocbasic.st
y
Package: tocbasic 2023/04/24 v3.40 KOMA-Script package (handling toc-files)
\scr@dte@tocline@numberwidth=\skip48
\scr@dte@tocline@numbox=\box51
)
Package tocbasic Info: omitting babel extension for `toc'
(tocbasic)             because of feature `nobabel' available
(tocbasic)             for `toc' on input line 135.
Class scrbook Info: You've used standard option `oneside'.
(scrbook)           This is correct!
(scrbook)           Internally I'm using `twoside=false'.
(scrbook)           If you'd like to set the option with \KOMAoptions,
(scrbook)           you'd have to use `twoside=false' there
(scrbook)           instead of `oneside', too.
Class scrbook Info: File `scrsize11pt.clo' used to setup font sizes on input li
ne 2671.

(C:\Users\seidj\AppData\Local\Programs\MiKTeX\tex/latex/koma-script\scrsize11pt
.clo
File: scrsize11pt.clo 2023/04/24 v3.40 KOMA-Script font size class option (11pt
)
)
(C:\Users\seidj\AppData\Local\Programs\MiKTeX\tex/latex/koma-script\typearea.st
y
Package: typearea 2023/04/24 v3.40 KOMA-Script package (type area)
\ta@bcor=\skip49
\ta@div=\count185
Package typearea Info: You've used standard option `oneside'.
(typearea)             This is correct!
(typearea)             Internally I'm using `twoside=false'.
(typearea)             If you'd like to set the option with \KOMAoptions,
(typearea)             you'd have to use `twoside=false' there
(typearea)             instead of `oneside', too.
\ta@hblk=\skip50
\ta@vblk=\skip51
\ta@temp=\skip52
\footheight=\skip53
Package typearea Info: These are the values describing the layout:
(typearea)             DIV  = 10
(typearea)             BCOR = 14.22636pt
(typearea)             \paperwidth      = 597.50793pt
(typearea)              \textwidth      = 408.2971pt
(typearea)              DIV departure   = -3%
(typearea)              \evensidemargin = 29.44861pt
(typearea)              \oddsidemargin  = 29.44861pt
(typearea)             \paperheight     = 845.04694pt
(typearea)              \textheight     = 514.20023pt
(typearea)              \topmargin      = 12.2347pt
(typearea)              \headheight     = 17.0pt
(typearea)              \headsep        = 20.40001pt
(typearea)              \topskip        = 11.0pt
(typearea)              \footskip       = 47.6pt
(typearea)              \baselineskip   = 13.6pt
(typearea)              on input line 1798.
)
\c@part=\count186
\c@chapter=\count187
\c@section=\count188
\c@subsection=\count189
\c@subsubsection=\count190
\c@paragraph=\count191
\c@subparagraph=\count192
\scr@dte@chapter@maxnumwidth=\skip54
Class scrbook Info: using compatibility default `afterindent=bysign'
(scrbook)           for `\chapter on input line 5957.
\scr@dte@section@maxnumwidth=\skip55
Class scrbook Info: using compatibility default `runin=bysign'
(scrbook)           for `\section on input line 5968.
Class scrbook Info: using compatibility default `afterindent=bysign'
(scrbook)           for `\section on input line 5968.
\scr@dte@part@maxnumwidth=\skip56
Class scrbook Info: using compatibility default `afterindent=true'
(scrbook)           for `\part on input line 5977.
\scr@dte@subsection@maxnumwidth=\skip57
Class scrbook Info: using compatibility default `runin=bysign'
(scrbook)           for `\subsection on input line 5987.
Class scrbook Info: using compatibility default `afterindent=bysign'
(scrbook)           for `\subsection on input line 5987.
\scr@dte@subsubsection@maxnumwidth=\skip58
Class scrbook Info: using compatibility default `runin=bysign'
(scrbook)           for `\subsubsection on input line 5997.
Class scrbook Info: using compatibility default `afterindent=bysign'
(scrbook)           for `\subsubsection on input line 5997.
\scr@dte@paragraph@maxnumwidth=\skip59
Class scrbook Info: using compatibility default `runin=bysign'
(scrbook)           for `\paragraph on input line 6008.
Class scrbook Info: using compatibility default `afterindent=bysign'
(scrbook)           for `\paragraph on input line 6008.
\scr@dte@subparagraph@maxnumwidth=\skip60
Class scrbook Info: using compatibility default `runin=bysign'
(scrbook)           for `\subparagraph on input line 6018.
Class scrbook Info: using compatibility default `afterindent=bysign'
(scrbook)           for `\subparagraph on input line 6018.
\abovecaptionskip=\skip61
\belowcaptionskip=\skip62
\c@pti@nb@sid@b@x=\box52
Package tocbasic Info: omitting babel extension for `lof'
(tocbasic)             because of feature `nobabel' available
(tocbasic)             for `lof' on input line 7201.
\scr@dte@figure@maxnumwidth=\skip63
\c@figure=\count193
Package tocbasic Info: omitting babel extension for `lot'
(tocbasic)             because of feature `nobabel' available
(tocbasic)             for `lot' on input line 7218.
\scr@dte@table@maxnumwidth=\skip64
\c@table=\count194
Class scrbook Info: Redefining `\numberline' on input line 7389.
\bibindent=\dimen140
) (C:\Users\seidj\AppData\Local\Programs\MiKTeX\tex/latex/lm\lmodern.sty
Package: lmodern 2015/05/01 v1.6.1 Latin Modern Fonts
LaTeX Font Info:    Overwriting symbol font `operators' in version `normal'
(Font)                  OT1/cmr/m/n --> OT1/lmr/m/n on input line 22.
LaTeX Font Info:    Overwriting symbol font `letters' in version `normal'
(Font)                  OML/cmm/m/it --> OML/lmm/m/it on input line 23.
LaTeX Font Info:    Overwriting symbol font `symbols' in version `normal'
(Font)                  OMS/cmsy/m/n --> OMS/lmsy/m/n on input line 24.
LaTeX Font Info:    Overwriting symbol font `largesymbols' in version `normal'
(Font)                  OMX/cmex/m/n --> OMX/lmex/m/n on input line 25.
LaTeX Font Info:    Overwriting symbol font `operators' in version `bold'
(Font)                  OT1/cmr/bx/n --> OT1/lmr/bx/n on input line 26.
LaTeX Font Info:    Overwriting symbol font `letters' in version `bold'
(Font)                  OML/cmm/b/it --> OML/lmm/b/it on input line 27.
LaTeX Font Info:    Overwriting symbol font `symbols' in version `bold'
(Font)                  OMS/cmsy/b/n --> OMS/lmsy/b/n on input line 28.
LaTeX Font Info:    Overwriting symbol font `largesymbols' in version `bold'
(Font)                  OMX/cmex/m/n --> OMX/lmex/m/n on input line 29.
LaTeX Font Info:    Overwriting math alphabet `\mathbf' in version `normal'
(Font)                  OT1/cmr/bx/n --> OT1/lmr/bx/n on input line 31.
LaTeX Font Info:    Overwriting math alphabet `\mathsf' in version `normal'
(Font)                  OT1/cmss/m/n --> OT1/lmss/m/n on input line 32.
LaTeX Font Info:    Overwriting math alphabet `\mathit' in version `normal'
(Font)                  OT1/cmr/m/it --> OT1/lmr/m/it on input line 33.
LaTeX Font Info:    Overwriting math alphabet `\mathtt' in version `normal'
(Font)                  OT1/cmtt/m/n --> OT1/lmtt/m/n on input line 34.
LaTeX Font Info:    Overwriting math alphabet `\mathbf' in version `bold'
(Font)                  OT1/cmr/bx/n --> OT1/lmr/bx/n on input line 35.
LaTeX Font Info:    Overwriting math alphabet `\mathsf' in version `bold'
(Font)                  OT1/cmss/bx/n --> OT1/lmss/bx/n on input line 36.
LaTeX Font Info:    Overwriting math alphabet `\mathit' in version `bold'
(Font)                  OT1/cmr/bx/it --> OT1/lmr/bx/it on input line 37.
LaTeX Font Info:    Overwriting math alphabet `\mathtt' in version `bold'
(Font)                  OT1/cmtt/m/n --> OT1/lmtt/m/n on input line 38.
)
(C:\Users\seidj\AppData\Local\Programs\MiKTeX\tex/latex/base\inputenc.sty
Package: inputenc 2021/02/14 v1.3d Input encoding file
\inpenc@prehook=\toks17
\inpenc@posthook=\toks18

(C:\Users\seidj\AppData\Local\Programs\MiKTeX\tex/latex/base\latin1.def
File: latin1.def 2021/02/14 v1.3d Input encoding file
))
(C:\Users\seidj\AppData\Local\Programs\MiKTeX\tex/generic/babel\babel.sty
Package: babel 2023/03/28 3.87 The Babel package
\babel@savecnt=\count195
\U@D=\dimen141
\l@unhyphenated=\language79

(C:\Users\seidj\AppData\Local\Programs\MiKTeX\tex/generic/babel\txtbabel.def)
\bbl@readstream=\read2
\bbl@dirlevel=\count196

*************************************
* Local config file bblopts.cfg used
*
(C:\Users\seidj\AppData\Local\Programs\MiKTeX\tex/latex/arabi\bblopts.cfg
File: bblopts.cfg 2005/09/08 v0.1 add Arabic and Farsi to "declared" options of
 babel
)
(C:\Users\seidj\AppData\Local\Programs\MiKTeX\tex/latex/babel-german\ngerman.ld
f
Language: ngerman 2021/02/27 v2.13 German support for babel (post-1996 orthogra
phy)

(C:\Users\seidj\AppData\Local\Programs\MiKTeX\tex/latex/babel-german\ngermanb.l
df
Language: ngermanb 2021/02/27 v2.13 German support for babel (post-1996 orthogr
aphy)
Package babel Info: Making " an active character on input line 122.
)))
(C:\Users\seidj\AppData\Local\Programs\MiKTeX\tex/generic/babel/locale/de\babel
-ngerman.tex
Package babel Info: Importing font and identification data for ngerman
(babel)             from babel-de.ini. Reported on input line 11.
)
(C:\Users\seidj\AppData\Local\Programs\MiKTeX\tex/generic/iftex\ifpdf.sty
Package: ifpdf 2019/10/25 v3.4 ifpdf legacy package. Use iftex instead.

(C:\Users\seidj\AppData\Local\Programs\MiKTeX\tex/generic/iftex\iftex.sty
Package: iftex 2022/02/03 v1.0f TeX engine tests
))
(C:\Users\seidj\AppData\Local\Programs\MiKTeX\tex/latex/koma-script\scrlayer-sc
rpage.sty
Package: scrlayer-scrpage 2023/04/24 v3.40 KOMA-Script package (end user interf
ace for scrlayer)

(C:\Users\seidj\AppData\Local\Programs\MiKTeX\tex/latex/koma-script\scrlayer.st
y
Package: scrlayer 2023/04/24 v3.40 KOMA-Script package (defining layers and pag
e styles)
Package scrlayer Info: patching LaTeX kernel macro \pagestyle on input line 217
6.
)
Package scrlayer-scrpage Info: Makeing stand-alone element `pagehead' from
(scrlayer-scrpage)             alias to `pageheadfoot' on input line 1097.
) (C:\Users\seidj\AppData\Local\Programs\MiKTeX\tex/latex/substr\substr.sty
Package: substr 2009/10/20 v1.2 Handle substrings
\c@su@anzahl=\count197
)
(C:\Users\seidj\AppData\Local\Programs\MiKTeX\tex/latex/biblatex\biblatex.sty
Package: biblatex 2023/03/05 v3.19 programmable bibliographies (PK/MW)

(C:\Users\seidj\AppData\Local\Programs\MiKTeX\tex/generic/pdftexcmds\pdftexcmds
.sty
Package: pdftexcmds 2020-06-27 v0.33 Utility functions of pdfTeX for LuaTeX (HO
)

(C:\Users\seidj\AppData\Local\Programs\MiKTeX\tex/generic/infwarerr\infwarerr.s
ty
Package: infwarerr 2019/12/03 v1.5 Providing info/warning/error messages (HO)
)
(C:\Users\seidj\AppData\Local\Programs\MiKTeX\tex/generic/ltxcmds\ltxcmds.sty
Package: ltxcmds 2020-05-10 v1.25 LaTeX kernel commands for general use (HO)
)
Package pdftexcmds Info: \pdf@primitive is available.
Package pdftexcmds Info: \pdf@ifprimitive is available.
Package pdftexcmds Info: \pdfdraftmode found.
) (C:\Users\seidj\AppData\Local\Programs\MiKTeX\tex/latex/etoolbox\etoolbox.sty
Package: etoolbox 2020/10/05 v2.5k e-TeX tools for LaTeX (JAW)
\etb@tempcnta=\count198
)
(C:\Users\seidj\AppData\Local\Programs\MiKTeX\tex/latex/kvoptions\kvoptions.sty
Package: kvoptions 2022-06-15 v3.15 Key value format for package options (HO)

(C:\Users\seidj\AppData\Local\Programs\MiKTeX\tex/latex/kvsetkeys\kvsetkeys.sty
Package: kvsetkeys 2022-10-05 v1.19 Key value parser (HO)
)) (C:\Users\seidj\AppData\Local\Programs\MiKTeX\tex/latex/logreq\logreq.sty
Package: logreq 2010/08/04 v1.0 xml request logger
\lrq@indent=\count199

(C:\Users\seidj\AppData\Local\Programs\MiKTeX\tex/latex/logreq\logreq.def
File: logreq.def 2010/08/04 v1.0 logreq spec v1.0
))
(C:\Users\seidj\AppData\Local\Programs\MiKTeX\tex/latex/base\ifthen.sty
Package: ifthen 2022/04/13 v1.1d Standard LaTeX ifthen package (DPC)
)
(C:\Users\seidj\AppData\Local\Programs\MiKTeX\tex/latex/url\url.sty
\Urlmuskip=\muskip16
Package: url 2013/09/16  ver 3.4  Verb mode for urls, etc.
)
\c@tabx@nest=\count266
\c@listtotal=\count267
\c@listcount=\count268
\c@liststart=\count269
\c@liststop=\count270
\c@citecount=\count271
\c@citetotal=\count272
\c@multicitecount=\count273
\c@multicitetotal=\count274
\c@instcount=\count275
\c@maxnames=\count276
\c@minnames=\count277
\c@maxitems=\count278
\c@minitems=\count279
\c@citecounter=\count280
\c@maxcitecounter=\count281
\c@savedcitecounter=\count282
\c@uniquelist=\count283
\c@uniquename=\count284
\c@refsection=\count285
\c@refsegment=\count286
\c@maxextratitle=\count287
\c@maxextratitleyear=\count288
\c@maxextraname=\count289
\c@maxextradate=\count290
\c@maxextraalpha=\count291
\c@abbrvpenalty=\count292
\c@highnamepenalty=\count293
\c@lownamepenalty=\count294
\c@maxparens=\count295
\c@parenlevel=\count296
\blx@tempcnta=\count297
\blx@tempcntb=\count298
\blx@tempcntc=\count299
\c@blx@maxsection=\count300
\blx@maxsegment@0=\count301
\blx@notetype=\count302
\blx@parenlevel@text=\count303
\blx@parenlevel@foot=\count304
\blx@sectionciteorder@0=\count305
\blx@sectionciteorderinternal@0=\count306
\blx@entrysetcounter=\count307
\blx@biblioinstance=\count308
\labelnumberwidth=\skip65
\labelalphawidth=\skip66
\biblabelsep=\skip67
\bibitemsep=\skip68
\bibnamesep=\skip69
\bibinitsep=\skip70
\bibparsep=\skip71
\bibhang=\skip72
\blx@bcfin=\read3
\blx@bcfout=\write3
\blx@langwohyphens=\language80
\c@mincomprange=\count309
\c@maxcomprange=\count310
\c@mincompwidth=\count311
Package biblatex Info: Trying to load biblatex default data model...
Package biblatex Info: ... file 'blx-dm.def' found.

(C:\Users\seidj\AppData\Local\Programs\MiKTeX\tex/latex/biblatex\blx-dm.def
File: blx-dm.def 2023/03/05 v3.19 biblatex localization (PK/MW)
)
Package biblatex Info: Trying to load biblatex style data model...
Package biblatex Info: ... file 'nature.dbx' not found.
Package biblatex Info: Trying to load biblatex custom data model...
Package biblatex Info: ... file 'biblatex-dm.cfg' not found.
\c@afterword=\count312
\c@savedafterword=\count313
\c@annotator=\count314
\c@savedannotator=\count315
\c@author=\count316
\c@savedauthor=\count317
\c@bookauthor=\count318
\c@savedbookauthor=\count319
\c@commentator=\count320
\c@savedcommentator=\count321
\c@editor=\count322
\c@savededitor=\count323
\c@editora=\count324
\c@savededitora=\count325
\c@editorb=\count326
\c@savededitorb=\count327
\c@editorc=\count328
\c@savededitorc=\count329
\c@foreword=\count330
\c@savedforeword=\count331
\c@holder=\count332
\c@savedholder=\count333
\c@introduction=\count334
\c@savedintroduction=\count335
\c@namea=\count336
\c@savednamea=\count337
\c@nameb=\count338
\c@savednameb=\count339
\c@namec=\count340
\c@savednamec=\count341
\c@translator=\count342
\c@savedtranslator=\count343
\c@shortauthor=\count344
\c@savedshortauthor=\count345
\c@shorteditor=\count346
\c@savedshorteditor=\count347
\c@labelname=\count348
\c@savedlabelname=\count349
\c@institution=\count350
\c@savedinstitution=\count351
\c@lista=\count352
\c@savedlista=\count353
\c@listb=\count354
\c@savedlistb=\count355
\c@listc=\count356
\c@savedlistc=\count357
\c@listd=\count358
\c@savedlistd=\count359
\c@liste=\count360
\c@savedliste=\count361
\c@listf=\count362
\c@savedlistf=\count363
\c@location=\count364
\c@savedlocation=\count365
\c@organization=\count366
\c@savedorganization=\count367
\c@origlocation=\count368
\c@savedoriglocation=\count369
\c@origpublisher=\count370
\c@savedorigpublisher=\count371
\c@publisher=\count372
\c@savedpublisher=\count373
\c@language=\count374
\c@savedlanguage=\count375
\c@origlanguage=\count376
\c@savedoriglanguage=\count377
\c@pageref=\count378
\c@savedpageref=\count379
\shorthandwidth=\skip73
\shortjournalwidth=\skip74
\shortserieswidth=\skip75
\shorttitlewidth=\skip76
\shortauthorwidth=\skip77
\shorteditorwidth=\skip78
\locallabelnumberwidth=\skip79
\locallabelalphawidth=\skip80
\localshorthandwidth=\skip81
\localshortjournalwidth=\skip82
\localshortserieswidth=\skip83
\localshorttitlewidth=\skip84
\localshortauthorwidth=\skip85
\localshorteditorwidth=\skip86
Package biblatex Info: Trying to load compatibility code...
Package biblatex Info: ... file 'blx-compat.def' found.

(C:\Users\seidj\AppData\Local\Programs\MiKTeX\tex/latex/biblatex\blx-compat.def
File: blx-compat.def 2023/03/05 v3.19 biblatex compatibility (PK/MW)
)
Package biblatex Info: Trying to load generic definitions...
Package biblatex Info: ... file 'biblatex.def' found.
 (C:\Users\seidj\AppData\Local\Programs\MiKTeX\tex/latex/biblatex\biblatex.def
File: biblatex.def 2023/03/05 v3.19 biblatex compatibility (PK/MW)
\c@textcitecount=\count380
\c@textcitetotal=\count381
\c@textcitemaxnames=\count382
\c@biburlbigbreakpenalty=\count383
\c@biburlbreakpenalty=\count384
\c@biburlnumpenalty=\count385
\c@biburlucpenalty=\count386
\c@biburllcpenalty=\count387
\biburlbigskip=\muskip17
\biburlnumskip=\muskip18
\biburlucskip=\muskip19
\biburllcskip=\muskip20
\c@smartand=\count388
)
Package biblatex Info: Trying to load bibliography style 'nature'...
Package biblatex Info: ... file 'nature.bbx' found.

(C:\Users\seidj\AppData\Local\Programs\MiKTeX\tex/latex/biblatex-nature\nature.
bbx
File: nature.bbx 2020/12/30 v1.3d biblatex bibliography style
Package biblatex Info: Trying to load bibliography style 'numeric-comp'...
Package biblatex Info: ... file 'numeric-comp.bbx' found.

(C:\Users\seidj\AppData\Local\Programs\MiKTeX\tex/latex/biblatex/bbx\numeric-co
mp.bbx
File: numeric-comp.bbx 2023/03/05 v3.19 biblatex bibliography style (PK/MW)
Package biblatex Info: Trying to load bibliography style 'numeric'...
Package biblatex Info: ... file 'numeric.bbx' found.

(C:\Users\seidj\AppData\Local\Programs\MiKTeX\tex/latex/biblatex/bbx\numeric.bb
x
File: numeric.bbx 2023/03/05 v3.19 biblatex bibliography style (PK/MW)
Package biblatex Info: Trying to load bibliography style 'standard'...
Package biblatex Info: ... file 'standard.bbx' found.

(C:\Users\seidj\AppData\Local\Programs\MiKTeX\tex/latex/biblatex/bbx\standard.b
bx
File: standard.bbx 2023/03/05 v3.19 biblatex bibliography style (PK/MW)
\c@bbx:relatedcount=\count389
\c@bbx:relatedtotal=\count390
))))
Package biblatex Info: Trying to load citation style 'nature'...
Package biblatex Info: ... file 'nature.cbx' found.

(C:\Users\seidj\AppData\Local\Programs\MiKTeX\tex/latex/biblatex-nature\nature.
cbx
File: nature.cbx 2020/12/30 v1.3d biblatex citation style
Package biblatex Info: Trying to load citation style 'numeric-comp'...
Package biblatex Info: ... file 'numeric-comp.cbx' found.

(C:\Users\seidj\AppData\Local\Programs\MiKTeX\tex/latex/biblatex/cbx\numeric-co
mp.cbx
File: numeric-comp.cbx 2023/03/05 v3.19 biblatex citation style (PK/MW)
\c@cbx@tempcnta=\count391
\c@cbx@tempcntb=\count392
\c@cbx@tempcntc=\count393
\c@cbx@tempcntd=\count394
Package biblatex Info: Redefining '\cite'.
Package biblatex Info: Redefining '\parencite'.
Package biblatex Info: Redefining '\footcite'.
Package biblatex Info: Redefining '\footcitetext'.
Package biblatex Info: Redefining '\smartcite'.
Package biblatex Info: Redefining '\supercite'.
Package biblatex Info: Redefining '\textcite'.
Package biblatex Info: Redefining '\textcites'.
Package biblatex Info: Redefining '\cites'.
Package biblatex Info: Redefining '\parencites'.
Package biblatex Info: Redefining '\smartcites'.
))
Package biblatex Info: Trying to load configuration file...
Package biblatex Info: ... file 'biblatex.cfg' found.

(C:\Users\seidj\AppData\Local\Programs\MiKTeX\tex/latex/biblatex\biblatex.cfg
File: biblatex.cfg 
)
Package biblatex Info: Input encoding 'latin1' detected.
Package biblatex Info: Document encoding not detected as UTF8.
(biblatex)             Setting 'casechanger=latex2e'.

(C:\Users\seidj\AppData\Local\Programs\MiKTeX\tex/latex/biblatex\blx-case-latex
2e.sty
Package: blx-case-latex2e 2023/03/05 v3.19 biblatex compatibility (PK/MW)
))
1: section
1: chapter
1: chapter
1: section
(C:\Users\seidj\AppData\Local\Programs\MiKTeX\tex/latex/listings\listings.sty
\lst@mode=\count395
\lst@gtempboxa=\box53
\lst@token=\toks19
\lst@length=\count396
\lst@currlwidth=\dimen142
\lst@column=\count397
\lst@pos=\count398
\lst@lostspace=\dimen143
\lst@width=\dimen144
\lst@newlines=\count399
\lst@lineno=\count400
\lst@maxwidth=\dimen145

(C:\Users\seidj\AppData\Local\Programs\MiKTeX\tex/latex/listings\lstmisc.sty
File: lstmisc.sty 2023/02/27 1.9 (Carsten Heinz)
\c@lstnumber=\count401
\lst@skipnumbers=\count402
\lst@framebox=\box54
)
(C:\Users\seidj\AppData\Local\Programs\MiKTeX\tex/latex/listings\listings.cfg
File: listings.cfg 2023/02/27 1.9 listings configuration
))
Package: listings 2023/02/27 1.9 (Carsten Heinz)
(C:\Users\seidj\AppData\Local\Programs\MiKTeX\tex/latex/xcolor\xcolor.sty
Package: xcolor 2022/06/12 v2.14 LaTeX color extensions (UK)

(C:\Users\seidj\AppData\Local\Programs\MiKTeX\tex/latex/graphics-cfg\color.cfg
File: color.cfg 2016/01/02 v1.6 sample color configuration
)
Package xcolor Info: Driver file: pdftex.def on input line 227.

(C:\Users\seidj\AppData\Local\Programs\MiKTeX\tex/latex/graphics-def\pdftex.def
File: pdftex.def 2022/09/22 v1.2b Graphics/color driver for pdftex
)
(C:\Users\seidj\AppData\Local\Programs\MiKTeX\tex/latex/graphics\mathcolor.ltx)
Package xcolor Info: Model `cmy' substituted by `cmy0' on input line 1353.
Package xcolor Info: Model `hsb' substituted by `rgb' on input line 1357.
Package xcolor Info: Model `RGB' extended on input line 1369.
Package xcolor Info: Model `HTML' substituted by `rgb' on input line 1371.
Package xcolor Info: Model `Hsb' substituted by `hsb' on input line 1372.
Package xcolor Info: Model `tHsb' substituted by `hsb' on input line 1373.
Package xcolor Info: Model `HSB' substituted by `hsb' on input line 1374.
Package xcolor Info: Model `Gray' substituted by `gray' on input line 1375.
Package xcolor Info: Model `wave' substituted by `hsb' on input line 1376.
) (C:\Users\seidj\AppData\Local\Programs\MiKTeX\tex/latex/listings\lstlang1.sty
File: lstlang1.sty 2023/02/27 1.9 listings language file
) (C:\Users\seidj\AppData\Local\Programs\MiKTeX\tex/latex/listings\lstlang1.sty
File: lstlang1.sty 2023/02/27 1.9 listings language file
) (C:\Users\seidj\AppData\Local\Programs\MiKTeX\tex/latex/listings\lstmisc.sty
File: lstmisc.sty 2023/02/27 1.9 (Carsten Heinz)
) (C:\Users\seidj\AppData\Local\Programs\MiKTeX\tex/latex/booktabs\booktabs.sty
Package: booktabs 2020/01/12 v1.61803398 Publication quality tables
\heavyrulewidth=\dimen146
\lightrulewidth=\dimen147
\cmidrulewidth=\dimen148
\belowrulesep=\dimen149
\belowbottomsep=\dimen150
\aboverulesep=\dimen151
\abovetopsep=\dimen152
\cmidrulesep=\dimen153
\cmidrulekern=\dimen154
\defaultaddspace=\dimen155
\@cmidla=\count403
\@cmidlb=\count404
\@aboverulesep=\dimen156
\@belowrulesep=\dimen157
\@thisruleclass=\count405
\@lastruleclass=\count406
\@thisrulewidth=\dimen158
)
(C:\Users\seidj\AppData\Local\Programs\MiKTeX\tex/latex/adjustbox\adjustbox.sty
Package: adjustbox 2022/10/17 v1.3a Adjusting TeX boxes (trim, clip, ...)
(C:\Users\seidj\AppData\Local\Programs\MiKTeX\tex/latex/xkeyval\xkeyval.sty
Package: xkeyval 2022/06/16 v2.9 package option processing (HA)

(C:\Users\seidj\AppData\Local\Programs\MiKTeX\tex/generic/xkeyval\xkeyval.tex
(C:\Users\seidj\AppData\Local\Programs\MiKTeX\tex/generic/xkeyval\xkvutils.tex
\XKV@toks=\toks20
\XKV@tempa@toks=\toks21
)
\XKV@depth=\count407
File: xkeyval.tex 2014/12/03 v2.7a key=value parser (HA)
))
(C:\Users\seidj\AppData\Local\Programs\MiKTeX\tex/latex/adjustbox\adjcalc.sty
Package: adjcalc 2012/05/16 v1.1 Provides advanced setlength with multiple back
-ends (calc, etex, pgfmath)
)
(C:\Users\seidj\AppData\Local\Programs\MiKTeX\tex/latex/adjustbox\trimclip.sty
Package: trimclip 2020/08/19 v1.2 Trim and clip general TeX material

(C:\Users\seidj\AppData\Local\Programs\MiKTeX\tex/latex/graphics\graphicx.sty
Package: graphicx 2021/09/16 v1.2d Enhanced LaTeX Graphics (DPC,SPQR)

(C:\Users\seidj\AppData\Local\Programs\MiKTeX\tex/latex/graphics\graphics.sty
Package: graphics 2022/03/10 v1.4e Standard LaTeX Graphics (DPC,SPQR)

(C:\Users\seidj\AppData\Local\Programs\MiKTeX\tex/latex/graphics\trig.sty
Package: trig 2021/08/11 v1.11 sin cos tan (DPC)
)
(C:\Users\seidj\AppData\Local\Programs\MiKTeX\tex/latex/graphics-cfg\graphics.c
fg
File: graphics.cfg 2016/06/04 v1.11 sample graphics configuration
)
Package graphics Info: Driver file: pdftex.def on input line 107.
)
\Gin@req@height=\dimen159
\Gin@req@width=\dimen160
)
(C:\Users\seidj\AppData\Local\Programs\MiKTeX\tex/latex/collectbox\collectbox.s
ty
Package: collectbox 2022/10/17 v0.4c Collect macro arguments as boxes
\collectedbox=\box55
)
\tc@llx=\dimen161
\tc@lly=\dimen162
\tc@urx=\dimen163
\tc@ury=\dimen164
Package trimclip Info: Using driver 'tc-pdftex.def'.

(C:\Users\seidj\AppData\Local\Programs\MiKTeX\tex/latex/adjustbox\tc-pdftex.def
File: tc-pdftex.def 2019/01/04 v2.2 Clipping driver for pdftex
))
\adjbox@Width=\dimen165
\adjbox@Height=\dimen166
\adjbox@Depth=\dimen167
\adjbox@Totalheight=\dimen168
\adjbox@pwidth=\dimen169
\adjbox@pheight=\dimen170
\adjbox@pdepth=\dimen171
\adjbox@ptotalheight=\dimen172

(C:\Users\seidj\AppData\Local\Programs\MiKTeX\tex/latex/ifoddpage\ifoddpage.sty
Package: ifoddpage 2022/10/18 v1.2 Conditionals for odd/even page detection
\c@checkoddpage=\count408
) (C:\Users\seidj\AppData\Local\Programs\MiKTeX\tex/latex/varwidth\varwidth.sty
Package: varwidth 2009/03/30 ver 0.92;  Variable-width minipages
\@vwid@box=\box56
\sift@deathcycles=\count409
\@vwid@loff=\dimen173
\@vwid@roff=\dimen174
))
(C:\Users\seidj\AppData\Local\Programs\MiKTeX\tex/latex/hyperref\hyperref.sty
Package: hyperref 2023-02-07 v7.00v Hypertext links for LaTeX

(C:\Users\seidj\AppData\Local\Programs\MiKTeX\tex/generic/kvdefinekeys\kvdefine
keys.sty
Package: kvdefinekeys 2019-12-19 v1.6 Define keys (HO)
)
(C:\Users\seidj\AppData\Local\Programs\MiKTeX\tex/generic/pdfescape\pdfescape.s
ty
Package: pdfescape 2019/12/09 v1.15 Implements pdfTeX's escape features (HO)
) (C:\Users\seidj\AppData\Local\Programs\MiKTeX\tex/latex/hycolor\hycolor.sty
Package: hycolor 2020-01-27 v1.10 Color options for hyperref/bookmark (HO)
)
(C:\Users\seidj\AppData\Local\Programs\MiKTeX\tex/latex/letltxmacro\letltxmacro
.sty
Package: letltxmacro 2019/12/03 v1.6 Let assignment for LaTeX macros (HO)
)
(C:\Users\seidj\AppData\Local\Programs\MiKTeX\tex/latex/auxhook\auxhook.sty
Package: auxhook 2019-12-17 v1.6 Hooks for auxiliary files (HO)
)
(C:\Users\seidj\AppData\Local\Programs\MiKTeX\tex/latex/hyperref\nameref.sty
Package: nameref 2022-05-17 v2.50 Cross-referencing by name of section

(C:\Users\seidj\AppData\Local\Programs\MiKTeX\tex/latex/refcount\refcount.sty
Package: refcount 2019/12/15 v3.6 Data extraction from label references (HO)
)
(C:\Users\seidj\AppData\Local\Programs\MiKTeX\tex/generic/gettitlestring\gettit
lestring.sty
Package: gettitlestring 2019/12/15 v1.6 Cleanup title references (HO)
)
\c@section@level=\count410
)
\@linkdim=\dimen175
\Hy@linkcounter=\count411
\Hy@pagecounter=\count412

(C:\Users\seidj\AppData\Local\Programs\MiKTeX\tex/latex/hyperref\pd1enc.def
File: pd1enc.def 2023-02-07 v7.00v Hyperref: PDFDocEncoding definition (HO)
Now handling font encoding PD1 ...
... no UTF-8 mapping file for font encoding PD1
)
(C:\Users\seidj\AppData\Local\Programs\MiKTeX\tex/generic/intcalc\intcalc.sty
Package: intcalc 2019/12/15 v1.3 Expandable calculations with integers (HO)
)
(C:\Users\seidj\AppData\Local\Programs\MiKTeX\tex/generic/etexcmds\etexcmds.sty
Package: etexcmds 2019/12/15 v1.7 Avoid name clashes with e-TeX commands (HO)
)
\Hy@SavedSpaceFactor=\count413
 (C:\Users\seidj\AppData\Local\Programs\MiKTeX\tex/latex/hyperref\puenc.def
File: puenc.def 2023-02-07 v7.00v Hyperref: PDF Unicode definition (HO)
Now handling font encoding PU ...
... no UTF-8 mapping file for font encoding PU
)
Package hyperref Info: Hyper figures OFF on input line 4177.
Package hyperref Info: Link nesting OFF on input line 4182.
Package hyperref Info: Hyper index ON on input line 4185.
Package hyperref Info: Plain pages OFF on input line 4192.
Package hyperref Info: Backreferencing OFF on input line 4197.
Package hyperref Info: Implicit mode ON; LaTeX internals redefined.
Package hyperref Info: Bookmarks ON on input line 4425.
\c@Hy@tempcnt=\count414
LaTeX Info: Redefining \url on input line 4763.
\XeTeXLinkMargin=\dimen176

(C:\Users\seidj\AppData\Local\Programs\MiKTeX\tex/generic/bitset\bitset.sty
Package: bitset 2019/12/09 v1.3 Handle bit-vector datatype (HO)

(C:\Users\seidj\AppData\Local\Programs\MiKTeX\tex/generic/bigintcalc\bigintcalc
.sty
Package: bigintcalc 2019/12/15 v1.5 Expandable calculations on big integers (HO
)
))
\Fld@menulength=\count415
\Field@Width=\dimen177
\Fld@charsize=\dimen178
Package hyperref Info: Hyper figures OFF on input line 6042.
Package hyperref Info: Link nesting OFF on input line 6047.
Package hyperref Info: Hyper index ON on input line 6050.
Package hyperref Info: backreferencing OFF on input line 6057.
Package hyperref Info: Link coloring OFF on input line 6062.
Package hyperref Info: Link coloring with OCG OFF on input line 6067.
Package hyperref Info: PDF/A mode OFF on input line 6072.

(C:\Users\seidj\AppData\Local\Programs\MiKTeX\tex/latex/base\atbegshi-ltx.sty
Package: atbegshi-ltx 2021/01/10 v1.0c Emulation of the original atbegshi
package with kernel methods
)
\Hy@abspage=\count416
\c@Item=\count417
\c@Hfootnote=\count418
)
Package hyperref Info: Driver (autodetected): hpdftex.
(C:\Users\seidj\AppData\Local\Programs\MiKTeX\tex/latex/hyperref\hpdftex.def
File: hpdftex.def 2023-02-07 v7.00v Hyperref driver for pdfTeX

(C:\Users\seidj\AppData\Local\Programs\MiKTeX\tex/latex/base\atveryend-ltx.sty
Package: atveryend-ltx 2020/08/19 v1.0a Emulation of the original atveryend pac
kage
with kernel methods
)
\Fld@listcount=\count419
\c@bookmark@seq@number=\count420

(C:\Users\seidj\AppData\Local\Programs\MiKTeX\tex/latex/rerunfilecheck\rerunfil
echeck.sty
Package: rerunfilecheck 2022-07-10 v1.10 Rerun checks for auxiliary files (HO)

(C:\Users\seidj\AppData\Local\Programs\MiKTeX\tex/generic/uniquecounter\uniquec
ounter.sty
Package: uniquecounter 2019/12/15 v1.4 Provide unlimited unique counter (HO)
)
Package uniquecounter Info: New unique counter `rerunfilecheck' on input line 2
85.
)
\Hy@SectionHShift=\skip87
)
(C:\Users\seidj\AppData\Local\Programs\MiKTeX\tex/latex/siunitx\siunitx.sty
Package: siunitx 2023-07-26 v3.2.9 A comprehensive (SI) units package
\l__siunitx_angle_tmp_dim=\dimen179
\l__siunitx_angle_marker_box=\box57
\l__siunitx_angle_unit_box=\box58
\l__siunitx_compound_count_int=\count421

(C:\Users\seidj\AppData\Local\Programs\MiKTeX\tex/latex/translations\translatio
ns.sty
Package: translations 2022/02/05 v1.12 internationalization of LaTeX2e packages
 (CN)
)
\l__siunitx_number_exponent_fixed_int=\count422
\l__siunitx_number_min_decimal_int=\count423
\l__siunitx_number_min_integer_int=\count424
\l__siunitx_number_round_precision_int=\count425
\l__siunitx_number_lower_threshold_int=\count426
\l__siunitx_number_upper_threshold_int=\count427
\l__siunitx_number_group_first_int=\count428
\l__siunitx_number_group_size_int=\count429
\l__siunitx_number_group_minimum_int=\count430

(C:\Users\seidj\AppData\Local\Programs\MiKTeX\tex/latex/amsmath\amstext.sty
Package: amstext 2021/08/26 v2.01 AMS text

(C:\Users\seidj\AppData\Local\Programs\MiKTeX\tex/latex/amsmath\amsgen.sty
File: amsgen.sty 1999/11/30 v2.0 generic functions
\@emptytoks=\toks22
\ex@=\dimen180
))
\l__siunitx_table_tmp_box=\box59
\l__siunitx_table_tmp_dim=\dimen181
\l__siunitx_table_column_width_dim=\dimen182
\l__siunitx_table_integer_box=\box60
\l__siunitx_table_decimal_box=\box61
\l__siunitx_table_uncert_box=\box62
\l__siunitx_table_before_box=\box63
\l__siunitx_table_after_box=\box64
\l__siunitx_table_before_dim=\dimen183
\l__siunitx_table_carry_dim=\dimen184
\l__siunitx_unit_tmp_int=\count431
\l__siunitx_unit_position_int=\count432
\l__siunitx_unit_total_int=\count433

(C:\Users\seidj\AppData\Local\Programs\MiKTeX\tex/latex/tools\array.sty
Package: array 2022/09/04 v2.5g Tabular extension package (FMi)
\col@sep=\dimen185
\ar@mcellbox=\box65
\extrarowheight=\dimen186
\NC@list=\toks23
\extratabsurround=\skip88
\backup@length=\skip89
\ar@cellbox=\box66
))
(C:\Users\seidj\AppData\Local\Programs\MiKTeX\tex/latex/translator\translator.s
ty
Package: translator 2021-05-31 v1.12d Easy translation of strings in LaTeX
)
(C:\Users\seidj\AppData\Local\Programs\MiKTeX\tex/latex/glossaries/base\glossar
ies.sty
Package: glossaries 2022/11/03 v4.52 (NLCT)

(C:\Users\seidj\AppData\Local\Programs\MiKTeX\tex/latex/mfirstuc\mfirstuc.sty
Package: mfirstuc 2022/10/14 v2.08 (NLCT)
\@glsmfirst=\toks24
\@glsmrest=\toks25
)
(C:\Users\seidj\AppData\Local\Programs\MiKTeX\tex/latex/xfor\xfor.sty
Package: xfor 2009/02/05 v1.05 (NLCT)
)
(C:\Users\seidj\AppData\Local\Programs\MiKTeX\tex/latex/datatool\datatool-base.
sty
Package: datatool-base 2019/09/27 v2.32 (NLCT)
 (C:\Users\seidj\AppData\Local\Programs\MiKTeX\tex/latex/amsmath\amsmath.sty
Package: amsmath 2022/04/08 v2.17n AMS math features
\@mathmargin=\skip90
For additional information on amsmath, use the `?' option.
(C:\Users\seidj\AppData\Local\Programs\MiKTeX\tex/latex/amsmath\amsbsy.sty
Package: amsbsy 1999/11/29 v1.2d Bold Symbols
\pmbraise@=\dimen187
)
(C:\Users\seidj\AppData\Local\Programs\MiKTeX\tex/latex/amsmath\amsopn.sty
Package: amsopn 2022/04/08 v2.04 operator names
)
\inf@bad=\count434
LaTeX Info: Redefining \frac on input line 234.
\uproot@=\count435
\leftroot@=\count436
LaTeX Info: Redefining \overline on input line 399.
LaTeX Info: Redefining \colon on input line 410.
\classnum@=\count437
\DOTSCASE@=\count438
LaTeX Info: Redefining \ldots on input line 496.
LaTeX Info: Redefining \dots on input line 499.
LaTeX Info: Redefining \cdots on input line 620.
\Mathstrutbox@=\box67
\strutbox@=\box68
LaTeX Info: Redefining \big on input line 722.
LaTeX Info: Redefining \Big on input line 723.
LaTeX Info: Redefining \bigg on input line 724.
LaTeX Info: Redefining \Bigg on input line 725.
\big@size=\dimen188
LaTeX Font Info:    Redeclaring font encoding OML on input line 743.
LaTeX Font Info:    Redeclaring font encoding OMS on input line 744.
\macc@depth=\count439
LaTeX Info: Redefining \bmod on input line 905.
LaTeX Info: Redefining \pmod on input line 910.
LaTeX Info: Redefining \smash on input line 940.
LaTeX Info: Redefining \relbar on input line 970.
LaTeX Info: Redefining \Relbar on input line 971.
\c@MaxMatrixCols=\count440
\dotsspace@=\muskip21
\c@parentequation=\count441
\dspbrk@lvl=\count442
\tag@help=\toks26
\row@=\count443
\column@=\count444
\maxfields@=\count445
\andhelp@=\toks27
\eqnshift@=\dimen189
\alignsep@=\dimen190
\tagshift@=\dimen191
\tagwidth@=\dimen192
\totwidth@=\dimen193
\lineht@=\dimen194
\@envbody=\toks28
\multlinegap=\skip91
\multlinetaggap=\skip92
\mathdisplay@stack=\toks29
LaTeX Info: Redefining \[ on input line 2953.
LaTeX Info: Redefining \] on input line 2954.
)
(C:\Users\seidj\AppData\Local\Programs\MiKTeX\tex/latex/datatool\datatool-fp.st
y
Package: datatool-fp 2019/09/27 v2.32 (NLCT)
 (C:\Users\seidj\AppData\Local\Programs\MiKTeX\tex/latex/fp\fp.sty
Package: fp 1995/04/02

`Fixed Point Package', Version 0.8, April 2, 1995 (C) Michael Mehlich
(C:\Users\seidj\AppData\Local\Programs\MiKTeX\tex/latex/fp\defpattern.sty
Package: defpattern 1994/10/12
\actioncount=\count446
)
(C:\Users\seidj\AppData\Local\Programs\MiKTeX\tex/latex/fp\fp-basic.sty
Package: fp-basic 1996/05/13
\FP@xs=\count447
\FP@xia=\count448
\FP@xib=\count449
\FP@xfa=\count450
\FP@xfb=\count451
\FP@rega=\count452
\FP@regb=\count453
\FP@regs=\count454
\FP@times=\count455
)
(C:\Users\seidj\AppData\Local\Programs\MiKTeX\tex/latex/fp\fp-addons.sty
Package: fp-addons 1995/03/15
)
(C:\Users\seidj\AppData\Local\Programs\MiKTeX\tex/latex/fp\fp-snap.sty
Package: fp-snap 1995/04/05
)
(C:\Users\seidj\AppData\Local\Programs\MiKTeX\tex/latex/fp\fp-exp.sty
Package: fp-exp 1995/04/03
)
(C:\Users\seidj\AppData\Local\Programs\MiKTeX\tex/latex/fp\fp-trigo.sty
Package: fp-trigo 1995/04/14
)
(C:\Users\seidj\AppData\Local\Programs\MiKTeX\tex/latex/fp\fp-pas.sty
Package: fp-pas 1994/08/29
)
(C:\Users\seidj\AppData\Local\Programs\MiKTeX\tex/latex/fp\fp-random.sty
Package: fp-random 1995/02/23
\FPseed=\count456
)
(C:\Users\seidj\AppData\Local\Programs\MiKTeX\tex/latex/fp\fp-eqn.sty
Package: fp-eqn 1995/04/03
)
(C:\Users\seidj\AppData\Local\Programs\MiKTeX\tex/latex/fp\fp-upn.sty
Package: fp-upn 1996/10/21
)
(C:\Users\seidj\AppData\Local\Programs\MiKTeX\tex/latex/fp\fp-eval.sty
Package: fp-eval 1995/04/03
)))
\@dtl@toks=\toks30
\@dtl@tmpcount=\count457
\dtl@tmplength=\skip93
\dtl@sortresult=\count458
\@dtl@numgrpsepcount=\count459
\@dtl@datatype=\count460
\dtl@codeA=\count461
\dtl@codeB=\count462
\@dtl@foreach@level=\count463
)
(C:\Users\seidj\AppData\Local\Programs\MiKTeX\tex/latex/tracklang\tracklang.sty
Package: tracklang 2022/12/13 v1.6.1 (NLCT) Track Languages

(C:\Users\seidj\AppData\Local\Programs\MiKTeX\tex/generic/tracklang\tracklang.t
ex))
(C:\Users\seidj\AppData\Local\Programs\MiKTeX\tex/latex/glossaries-german\gloss
aries-german.ldf
File: glossaries-german.ldf 2014/11/23 v1.0
)
\gls@level=\count464
\@gls@tmpb=\toks31
\gls@tmplen=\skip94
\glskeylisttok=\toks32
\glslabeltok=\toks33
\glsshorttok=\toks34
\glslongtok=\toks35

(C:\Users\seidj\AppData\Local\Programs\MiKTeX\tex/latex/glossaries/styles\gloss
ary-hypernav.sty
Package: glossary-hypernav 2022/11/03 v4.52 (NLCT)
)
(C:\Users\seidj\AppData\Local\Programs\MiKTeX\tex/latex/glossaries/styles\gloss
ary-list.sty
Package: glossary-list 2022/11/03 v4.52 (NLCT)
\glslistdottedwidth=\skip95
)
(C:\Users\seidj\AppData\Local\Programs\MiKTeX\tex/latex/glossaries/styles\gloss
ary-long.sty
Package: glossary-long 2022/11/03 v4.52 (NLCT)

(C:\Users\seidj\AppData\Local\Programs\MiKTeX\tex/latex/tools\longtable.sty
Package: longtable 2021-09-01 v4.17 Multi-page Table package (DPC)
\LTleft=\skip96
\LTright=\skip97
\LTpre=\skip98
\LTpost=\skip99
\LTchunksize=\count465
\LTcapwidth=\dimen195
\LT@head=\box69
\LT@firsthead=\box70
\LT@foot=\box71
\LT@lastfoot=\box72
\LT@gbox=\box73
\LT@cols=\count466
\LT@rows=\count467
\c@LT@tables=\count468
\c@LT@chunks=\count469
\LT@p@ftn=\toks36
)
Class scrbook Info: longtable captions redefined on input line 47.
\glsdescwidth=\skip100
\glspagelistwidth=\skip101
)
(C:\Users\seidj\AppData\Local\Programs\MiKTeX\tex/latex/glossaries/styles\gloss
ary-super.sty
Package: glossary-super 2022/11/03 v4.52 (NLCT)

(C:\Users\seidj\AppData\Local\Programs\MiKTeX\tex/latex/supertabular\supertabul
ar.sty
Package: supertabular 2020/02/02 v4.1g the supertabular environment
\c@tracingst=\count470
\ST@wd=\dimen196
\ST@rightskip=\skip102
\ST@leftskip=\skip103
\ST@parfillskip=\skip104
\ST@pageleft=\dimen197
\ST@headht=\dimen198
\ST@tailht=\dimen199
\ST@pagesofar=\dimen256
\ST@pboxht=\dimen257
\ST@lineht=\dimen258
\ST@prevht=\dimen259
\ST@toadd=\dimen260
\ST@dimen=\dimen261
\ST@pbox=\box74
))
(C:\Users\seidj\AppData\Local\Programs\MiKTeX\tex/latex/glossaries/styles\gloss
ary-tree.sty
Package: glossary-tree 2022/11/03 v4.52 (NLCT)
\glstreeindent=\skip105
))
\glswrite=\write4
\glo@main@file=\write5
\openout5 = `Studienarbeit_Bericht.glo'.

Package glossaries Info: Writing glossary file Studienarbeit_Bericht.glo on inp
ut line 93.
\glo@acronym@file=\write6
\openout6 = `Studienarbeit_Bericht.acn'.

Package glossaries Info: Writing glossary file Studienarbeit_Bericht.acn on inp
ut line 93.
\glo@symbolslist@file=\write7
\openout7 = `Studienarbeit_Bericht.syg'.

Package glossaries Info: Writing glossary file Studienarbeit_Bericht.syg on inp
ut line 93.

(C:\Users\seidj\AppData\Local\Programs\MiKTeX\tex/latex/blindtext\blindtext.sty
Package: blindtext 2012/01/06 V2.0 blindtext-Package
(C:\Users\seidj\AppData\Local\Programs\MiKTeX\tex/latex/tools\xspace.sty
Package: xspace 2014/10/28 v1.13 Space after command names (DPC,MH)
)
\c@blindtext=\count471
\c@Blindtext=\count472
\c@blind@countparstart=\count473
\blind@countxx=\count474
\blindtext@numBlindtext=\count475
\blind@countyy=\count476
\c@blindlist=\count477
\c@blindlistlevel=\count478
\c@blindlist@level=\count479
\blind@listitem=\count480
\c@blind@listcount=\count481
\c@blind@levelcount=\count482
\blind@mathformula=\count483
\blind@Mathformula=\count484
\c@blind@randomcount=\count485
\c@blind@randommax=\count486
\c@blind@pangramcount=\count487
\c@blind@pangrammax=\count488
)
(C:\Users\seidj\AppData\Local\Programs\MiKTeX\tex/latex/multirow\multirow.sty
Package: multirow 2021/03/15 v2.8 Span multiple rows of a table
\multirow@colwidth=\skip106
\multirow@cntb=\count489
\multirow@dima=\skip107
\bigstrutjot=\dimen262
))

LaTeX Warning: \include should only be used after \begin{document} on input lin
e 2.

(preamble/pre-work.tex)

Package biblatex Warning: 'babel/polyglossia' detected but 'csquotes' missing.
(biblatex)                Loading 'csquotes' recommended.

\@quotelevel=\count490
\@quotereset=\count491
LaTeX Font Info:    Trying to load font information for OT1+lmr on input line 1
0.
(C:\Users\seidj\AppData\Local\Programs\MiKTeX\tex/latex/lm\ot1lmr.fd
File: ot1lmr.fd 2015/05/01 v1.6.1 Font defs for Latin Modern
)
(C:\Users\seidj\AppData\Local\Programs\MiKTeX\tex/latex/l3backend\l3backend-pdf
tex.def
File: l3backend-pdftex.def 2023-03-30 L3 backend support: PDF output (pdfTeX)
\l__color_backend_stack_int=\count492
\l__pdf_internal_box=\box75
) (Studienarbeit_Bericht.aux (inhalt/1_einleitung.aux)
(inhalt/2_grundlagen.aux)
(inhalt/3_Datenstrukturen-und-Implementierungsdetails.aux)
(inhalt/4_Evaluierung-und-PerformanceAnalyse.aux) (inhalt/7_Fazit.aux)
(inhalt/anhang.aux))
\openout1 = `Studienarbeit_Bericht.aux'.

LaTeX Font Info:    Checking defaults for OML/cmm/m/it on input line 10.
LaTeX Font Info:    ... okay on input line 10.
LaTeX Font Info:    Checking defaults for OMS/cmsy/m/n on input line 10.
LaTeX Font Info:    ... okay on input line 10.
LaTeX Font Info:    Checking defaults for OT1/cmr/m/n on input line 10.
LaTeX Font Info:    ... okay on input line 10.
LaTeX Font Info:    Checking defaults for T1/cmr/m/n on input line 10.
LaTeX Font Info:    ... okay on input line 10.
LaTeX Font Info:    Checking defaults for TS1/cmr/m/n on input line 10.
LaTeX Font Info:    ... okay on input line 10.
LaTeX Font Info:    Checking defaults for OMX/cmex/m/n on input line 10.
LaTeX Font Info:    ... okay on input line 10.
LaTeX Font Info:    Checking defaults for U/cmr/m/n on input line 10.
LaTeX Font Info:    ... okay on input line 10.
LaTeX Font Info:    Checking defaults for PD1/pdf/m/n on input line 10.
LaTeX Font Info:    ... okay on input line 10.
LaTeX Font Info:    Checking defaults for PU/pdf/m/n on input line 10.
LaTeX Font Info:    ... okay on input line 10.
Package biblatex Info: Trying to load language 'ngerman'...
Package biblatex Info: ... file 'ngerman.lbx' found.

(C:\Users\seidj\AppData\Local\Programs\MiKTeX\tex/latex/biblatex/lbx\ngerman.lb
x
File: ngerman.lbx 2023/03/05 v3.19 biblatex localization (PK/MW)
Package biblatex Info: Trying to load language 'german'...
Package biblatex Info: ... file 'german.lbx' found.

(C:\Users\seidj\AppData\Local\Programs\MiKTeX\tex/latex/biblatex/lbx\german.lbx
File: german.lbx 2023/03/05 v3.19 biblatex localization (PK/MW)
)
Package biblatex Info: Trying to load language 'german'...
Package biblatex Info: ... file 'german.lbx' found.

(C:\Users\seidj\AppData\Local\Programs\MiKTeX\tex/latex/biblatex/lbx\german.lbx
File: german.lbx 2023/03/05 v3.19 biblatex localization (PK/MW)
))
Package biblatex Info: Input encoding 'latin1' detected.
Package biblatex Info: Automatic encoding selection.
(biblatex)             Assuming data encoding 'latin1'.
\openout3 = `Studienarbeit_Bericht.bcf'.

Package biblatex Info: Trying to load bibliographic data...
Package biblatex Info: ... file 'Studienarbeit_Bericht.bbl' found.
 (Studienarbeit_Bericht.bbl)
Package biblatex Info: Reference section=0 on input line 10.
Package biblatex Info: Reference segment=0 on input line 10.
\c@lstlisting=\count493

(C:\Users\seidj\AppData\Local\Programs\MiKTeX\tex/context/base/mkii\supp-pdf.mk
ii
[Loading MPS to PDF converter (version 2006.09.02).]
\scratchcounter=\count494
\scratchdimen=\dimen263
\scratchbox=\box76
\nofMPsegments=\count495
\nofMParguments=\count496
\everyMPshowfont=\toks37
\MPscratchCnt=\count497
\MPscratchDim=\dimen264
\MPnumerator=\count498
\makeMPintoPDFobject=\count499
\everyMPtoPDFconversion=\toks38
)
(C:\Users\seidj\AppData\Local\Programs\MiKTeX\tex/latex/epstopdf-pkg\epstopdf-b
ase.sty
Package: epstopdf-base 2020-01-24 v2.11 Base part for package epstopdf
Package epstopdf-base Info: Redefining graphics rule for `.eps' on input line 4
85.

(C:\Users\seidj\AppData\Local\Programs\MiKTeX\tex/latex/00miktex\epstopdf-sys.c
fg
File: epstopdf-sys.cfg 2021/03/18 v2.0 Configuration of epstopdf for MiKTeX
))
Package hyperref Info: Link coloring OFF on input line 10.
 (Studienarbeit_Bericht.out) (Studienarbeit_Bericht.out)
\@outlinefile=\write8
\openout8 = `Studienarbeit_Bericht.out'.

Class scrbook Info: loading recommended package `bookmark'.
(scrbook)           Using `bookmark' together with `hyperref' is recommended,
(scrbook)           because of handling of possible bookmark level gaps.
(scrbook)           You can avoid loading `bookmark' with KOMA-Script option
(scrbook)           `bookmarkpackage=false' before \begin{document} and
(scrbook)           you can avoid this message adding:
(scrbook)             \usepackage{bookmark}
(scrbook)           before \begin{document} on input line 10.

(C:\Users\seidj\AppData\Local\Programs\MiKTeX\tex/latex/bookmark\bookmark.sty
Package: bookmark 2020-11-06 v1.29 PDF bookmarks (HO)

(C:\Users\seidj\AppData\Local\Programs\MiKTeX\tex/latex/bookmark\bkm-pdftex.def
File: bkm-pdftex.def 2020-11-06 v1.29 bookmark driver for pdfTeX (HO)
\BKM@id=\count500
))
(C:\Users\seidj\AppData\Local\Programs\MiKTeX\tex/latex/translations/dicts\tran
slations-basic-dictionary-german.trsl
File: translations-basic-dictionary-german.trsl (german translation file `trans
lations-basic-dictionary')
)
Package translations Info: loading dictionary `translations-basic-dictionary' f
or `german'. on input line 10.

(C:\Users\seidj\AppData\Local\Programs\MiKTeX\tex/latex/glossaries-english\glos
saries-dictionary-English.dict
Dictionary: glossaries-dictionary, Language: English 
)
(C:\Users\seidj\AppData\Local\Programs\MiKTeX\tex/latex/glossaries-german\gloss
aries-dictionary-German.dict
Dictionary: glossaries-dictionary, Language: German 
)
<bilder/he_logo.jpg, id=3, 284.5029pt x 163.5711pt>
File: bilder/he_logo.jpg Graphic file (type jpg)
<use bilder/he_logo.jpg>
Package pdftex.def Info: bilder/he_logo.jpg  used on input line 15.
(pdftex.def)             Requested size: 170.70305pt x 98.1434pt.
LaTeX Font Info:    Trying to load font information for OML+lmm on input line 2
4.

(C:\Users\seidj\AppData\Local\Programs\MiKTeX\tex/latex/lm\omllmm.fd
File: omllmm.fd 2015/05/01 v1.6.1 Font defs for Latin Modern
)
LaTeX Font Info:    Trying to load font information for OMS+lmsy on input line 
24.

(C:\Users\seidj\AppData\Local\Programs\MiKTeX\tex/latex/lm\omslmsy.fd
File: omslmsy.fd 2015/05/01 v1.6.1 Font defs for Latin Modern
)
LaTeX Font Info:    Trying to load font information for OMX+lmex on input line 
24.

(C:\Users\seidj\AppData\Local\Programs\MiKTeX\tex/latex/lm\omxlmex.fd
File: omxlmex.fd 2015/05/01 v1.6.1 Font defs for Latin Modern
)
LaTeX Font Info:    External font `lmex10' loaded for size
(Font)              <10.95> on input line 24.
LaTeX Font Info:    External font `lmex10' loaded for size
(Font)              <8> on input line 24.
LaTeX Font Info:    External font `lmex10' loaded for size
(Font)              <6> on input line 24.
 [1

\openout4 = `Studienarbeit_Bericht.ist'.



{C:/Users/seidj/AppData/Local/MiKTeX/fonts/map/pdftex/pdftex.map}{C:/Users/seid
j/AppData/Local/Programs/MiKTeX/fonts/enc/dvips/lm/lm-rm.enc} <./bilder/he_logo
.jpg>]
LaTeX Font Info:    Trying to load font information for OT1+lmss on input line 
35.
(C:\Users\seidj\AppData\Local\Programs\MiKTeX\tex/latex/lm\ot1lmss.fd
File: ot1lmss.fd 2015/05/01 v1.6.1 Font defs for Latin Modern
)
<bilder/unterschrift.jpg, id=12, 235.88126pt x 54.70438pt>
File: bilder/unterschrift.jpg Graphic file (type jpg)
<use bilder/unterschrift.jpg>
Package pdftex.def Info: bilder/unterschrift.jpg  used on input line 41.
(pdftex.def)             Requested size: 142.26378pt x 32.99315pt.

Overfull \vbox (9.8732pt too high) detected at line 41
 []

[2


 <./bilder/unterschrift.jpg>] (Studienarbeit_Bericht.toc

LaTeX Font Warning: Font shape `OT1/lmss/m/scsl' undefined
(Font)              using `OT1/lmss/m/sc' instead on input line 31.


LaTeX Font Warning: Font shape `OT1/lmss/m/sc' in size <10.95> not available
(Font)              Font shape `OT1/lmr/m/sc' tried instead on input line 31.


LaTeX Font Warning: Font shape `OT1/lmss/bx/sc' undefined
(Font)              using `OT1/lmss/bx/n' instead on input line 31.

[1



])
\tf@toc=\write9
\openout9 = `Studienarbeit_Bericht.toc'.


No file Studienarbeit_Bericht.gls.

LaTeX Font Warning: Font shape `OT1/lmss/m/scsl' undefined
(Font)              using `OT1/lmss/m/sc' instead on input line 64.

[2]
\openout2 = `inhalt/1_einleitung.aux'.

 (inhalt/1_einleitung.tex
chapter 1.

Class scrbook Warning: \float@addtolists detected!
(scrbook)              Implementation of \float@addtolist became
(scrbook)              deprecated in KOMA-Script v3.01 2008/11/14 and
(scrbook)              has been replaced by several more flexible
(scrbook)              features of package `tocbasic`.
(scrbook)              Since Version 3.12 support for deprecated
(scrbook)              \float@addtolist interface has been
(scrbook)              restricted to only some of the KOMA-Script
(scrbook)              features and been removed from others.
(scrbook)              Loading of package `scrhack' may help to
(scrbook)              avoid this warning, if you are using a
(scrbook)              a package that still implements the
(scrbook)              deprecated \float@addtolist interface.


LaTeX Font Warning: Font shape `OT1/lmss/m/scsl' undefined
(Font)              using `OT1/lmss/m/sc' instead on input line 12.


pdfTeX warning (ext4): destination with the same identifier (name{page.1}) has 
been already used, duplicate ignored
<to be read again> 
                   \relax 
l.12 \newpage
              [1




]
Overfull \hbox (7.86246pt too wide) in paragraph at lines 24--25
\OT1/lmr/m/n/10.95 Die vor-lie-gen-de Stu-di-en-ar-beit be-fasst sich mit der I
m-ple-men-tie-rung ei-nes A*-Routenplan
 []


LaTeX Font Warning: Font shape `OT1/lmss/m/scsl' undefined
(Font)              using `OT1/lmss/m/sc' instead on input line 28.


pdfTeX warning (ext4): destination with the same identifier (name{page.2}) has 
been already used, duplicate ignored
<to be read again> 
                   \relax 
l.28 \newpage
              [2]
Overfull \hbox (3.26697pt too wide) in paragraph at lines 29--30
[]\OT1/lmr/m/n/10.95 Im Ab-schnitt []Grund-la-gen \ wer-den die grund-le-gen-de
n Kon-zep-te und Be-grif-fe erl[]autert,
 []

)

LaTeX Font Warning: Font shape `OT1/lmss/m/scsl' undefined
(Font)              using `OT1/lmss/m/sc' instead on input line 81.

[3]
\openout2 = `inhalt/2_grundlagen.aux'.

 (inhalt/2_grundlagen.tex
chapter 2.

LaTeX Font Warning: Font shape `OT1/lmss/m/scsl' undefined
(Font)              using `OT1/lmss/m/sc' instead on input line 15.

[4





]

LaTeX Font Warning: Font shape `OT1/lmss/m/scsl' undefined
(Font)              using `OT1/lmss/m/sc' instead on input line 33.

[5{C:/Users/seidj/AppData/Local/Programs/MiKTeX/fonts/enc/dvips/lm/lm-mathit.en
c}]
<bilder/Vergleich_Manhattan-Euklidisch.jpg, id=134, 896.59969pt x 557.08125pt>
File: bilder/Vergleich_Manhattan-Euklidisch.jpg Graphic file (type jpg)
<use bilder/Vergleich_Manhattan-Euklidisch.jpg>
Package pdftex.def Info: bilder/Vergleich_Manhattan-Euklidisch.jpg  used on inp
ut line 40.
(pdftex.def)             Requested size: 358.63351pt x 222.82855pt.


LaTeX Font Warning: Font shape `OT1/lmss/m/scsl' undefined
(Font)              using `OT1/lmss/m/sc' instead on input line 45.

[6 <./bilder/Vergleich_Manhattan-Euklidisch.jpg>]

LaTeX Font Warning: Font shape `OT1/lmss/m/scsl' undefined
(Font)              using `OT1/lmss/m/sc' instead on input line 56.

[7])

LaTeX Font Warning: Font shape `OT1/lmss/m/scsl' undefined
(Font)              using `OT1/lmss/m/sc' instead on input line 82.

[8]
\openout2 = `inhalt/3_Datenstrukturen-und-Implementierungsdetails.aux'.

 (inhalt/3_Datenstrukturen-und-Implementierungsdetails.tex
chapter 3.

LaTeX Font Warning: Font shape `OT1/lmss/m/scsl' undefined
(Font)              using `OT1/lmss/m/sc' instead on input line 14.

[9





]
<bilder/graphml_datei.png, id=159, 461.47406pt x 319.94531pt>
File: bilder/graphml_datei.png Graphic file (type png)
<use bilder/graphml_datei.png>
Package pdftex.def Info: bilder/graphml_datei.png  used on input line 17.
(pdftex.def)             Requested size: 369.17973pt x 255.95659pt.


LaTeX Font Warning: Font shape `OT1/lmss/m/scsl' undefined
(Font)              using `OT1/lmss/m/sc' instead on input line 27.

[10 <./bilder/graphml_datei.png>]
LaTeX Font Info:    Trying to load font information for TS1+lmr on input line 3
0.

(C:\Users\seidj\AppData\Local\Programs\MiKTeX\tex/latex/lm\ts1lmr.fd
File: ts1lmr.fd 2015/05/01 v1.6.1 Font defs for Latin Modern
)
Overfull \hbox (0.33932pt too wide) in paragraph at lines 32--33
[][]\OT1/lmr/m/n/10.95 connec-ted-No-des\: Ein Vek-tor von In-te-ger-wer-ten, d
er die IDs der Kno-ten enth[]alt,
 []


LaTeX Font Warning: Font shape `OT1/lmss/m/scsl' undefined
(Font)              using `OT1/lmss/m/sc' instead on input line 36.

[11{C:/Users/seidj/AppData/Local/Programs/MiKTeX/fonts/enc/dvips/lm/lm-ts1.enc}
]

LaTeX Font Warning: Font shape `OT1/lmss/m/scsl' undefined
(Font)              using `OT1/lmss/m/sc' instead on input line 58.

[12]
Overfull \hbox (6.27234pt too wide) in paragraph at lines 68--69
[][]\OT1/lmr/m/n/10.95 m[]filename\: Ei-ne Zei-chen-ket-te, die den Da-tein-ame
n der GraphML-Datei enth[]alt. 
 []


LaTeX Font Warning: Font shape `OT1/lmss/m/scsl' undefined
(Font)              using `OT1/lmss/m/sc' instead on input line 77.

[13]

LaTeX Font Warning: Font shape `OT1/lmss/m/scsl' undefined
(Font)              using `OT1/lmss/m/sc' instead on input line 90.

[14]
Overfull \hbox (26.66039pt too wide) in paragraph at lines 106--107
[]\OT1/lmr/m/n/10.95 Die Funk-ti-on []ge-tRead-Fi-le()\, die ei-ne Re-fe-renz a
uf das []Read-Fi-le\-Objekt zur[]uckgibt,
 []


LaTeX Font Warning: Font shape `OT1/lmss/m/scsl' undefined
(Font)              using `OT1/lmss/m/sc' instead on input line 113.

[15]

LaTeX Font Warning: Font shape `OT1/lmss/m/scsl' undefined
(Font)              using `OT1/lmss/m/sc' instead on input line 125.

[16]

LaTeX Font Warning: Font shape `OT1/lmss/m/scsl' undefined
(Font)              using `OT1/lmss/m/sc' instead on input line 131.

[17])
\openout2 = `inhalt/4_Evaluierung-und-PerformanceAnalyse.aux'.

 (inhalt/4_Evaluierung-und-PerformanceAnalyse.tex
chapter 4.

LaTeX Font Warning: Font shape `OT1/lmss/m/scsl' undefined
(Font)              using `OT1/lmss/m/sc' instead on input line 18.

[18





]
LaTeX Font Info:    Trying to load font information for OT1+lmtt on input line 
36.
 (C:\Users\seidj\AppData\Local\Programs\MiKTeX\tex/latex/lm\ot1lmtt.fd
File: ot1lmtt.fd 2015/05/01 v1.6.1 Font defs for Latin Modern
)

LaTeX Font Warning: Font shape `OT1/lmss/m/scsl' undefined
(Font)              using `OT1/lmss/m/sc' instead on input line 60.

[19{C:/Users/seidj/AppData/Local/Programs/MiKTeX/fonts/enc/dvips/lm/lm-rmtt.enc
}]

LaTeX Font Warning: Font shape `OT1/lmss/m/scsl' undefined
(Font)              using `OT1/lmss/m/sc' instead on input line 105.

[20]

LaTeX Font Warning: Font shape `OT1/lmss/m/scsl' undefined
(Font)              using `OT1/lmss/m/sc' instead on input line 115.

[21]
<bilder/Test_track.png, id=268, 2320.67pt x 2339.74126pt>
File: bilder/Test_track.png Graphic file (type png)
<use bilder/Test_track.png>
Package pdftex.def Info: bilder/Test_track.png  used on input line 128.
(pdftex.def)             Requested size: 282.1865pt x 284.52756pt.


LaTeX Warning: `h' float specifier changed to `ht'.


LaTeX Font Warning: Font shape `OT1/lmss/m/scsl' undefined
(Font)              using `OT1/lmss/m/sc' instead on input line 136.

[22]

LaTeX Font Warning: Font shape `OT1/lmss/m/scsl' undefined
(Font)              using `OT1/lmss/m/sc' instead on input line 141.

[23 <./bilder/Test_track.png (PNG copy)>]

LaTeX Font Warning: Font shape `OT1/lmss/m/scsl' undefined
(Font)              using `OT1/lmss/m/sc' instead on input line 165.

[24]

LaTeX Font Warning: Font shape `OT1/lmss/m/scsl' undefined
(Font)              using `OT1/lmss/m/sc' instead on input line 171.

[25])
\openout2 = `inhalt/7_Fazit.aux'.

 (inhalt/7_Fazit.tex
chapter 5.

LaTeX Font Warning: Font shape `OT1/lmss/m/scsl' undefined
(Font)              using `OT1/lmss/m/sc' instead on input line 10.

[26





])
Overfull \hbox (12.31673pt too wide) in paragraph at lines 99--99
[]\OT1/lmr/m/it/10.95 A*-Algorithmus \OT1/lmr/m/n/10.95 de. Pa-ge Ver-si-on ID:
 219778390. Feb. 2022. []$\OT1/lmtt/m/n/10.95 https : / / de . wikipedia .
 []


Overfull \hbox (6.69148pt too wide) in paragraph at lines 99--99
[]\OT1/lmr/m/n/10.95 Sedgewick, R. & Way-ne, K. D. \OT1/lmr/m/it/10.95 Al-go-ri
thms \OT1/lmr/m/n/10.95 4th ed. \OT1/lmr/m/sc/10.95 isbn\OT1/lmr/m/n/10.95 : 97
8-0-321-57351-3 (Addison-
 []

(Studienarbeit_Bericht.lof)
\tf@lof=\write10
\openout10 = `Studienarbeit_Bericht.lof'.

 (Studienarbeit_Bericht.lot)
\tf@lot=\write11
\openout11 = `Studienarbeit_Bericht.lot'.


Overfull \hbox (10.95pt too wide) in paragraph at lines 101--108
$[]$ 
 []


LaTeX Font Warning: Font shape `OT1/lmss/m/scsl' undefined
(Font)              using `OT1/lmss/m/sc' instead on input line 111.

[27




{C:/Users/seidj/AppData/Local/Programs/MiKTeX/fonts/enc/dvips/lm/lm-rmsc.enc}]

LaTeX Font Warning: Font shape `OT1/lmss/m/scsl' undefined
(Font)              using `OT1/lmss/m/sc' instead on input line 111.

[28




]
\openout2 = `inhalt/anhang.aux'.

 (inhalt/anhang.tex
chapter A.

LaTeX Font Warning: Font shape `OT1/lmss/m/scsl' undefined
(Font)              using `OT1/lmss/m/sc' instead on input line 27.

[29



]

LaTeX Font Warning: Font shape `OT1/lmss/m/scsl' undefined
(Font)              using `OT1/lmss/m/sc' instead on input line 61.

[30]

LaTeX Font Warning: Font shape `OT1/lmss/m/scsl' undefined
(Font)              using `OT1/lmss/m/sc' instead on input line 94.

[31]

LaTeX Font Warning: Font shape `OT1/lmss/m/scsl' undefined
(Font)              using `OT1/lmss/m/sc' instead on input line 131.

[32]

LaTeX Font Warning: Font shape `OT1/lmss/m/scsl' undefined
(Font)              using `OT1/lmss/m/sc' instead on input line 166.

[33]

LaTeX Font Warning: Font shape `OT1/lmss/m/scsl' undefined
(Font)              using `OT1/lmss/m/sc' instead on input line 201.

[34]

LaTeX Font Warning: Font shape `OT1/lmss/m/scsl' undefined
(Font)              using `OT1/lmss/m/sc' instead on input line 243.

[35]

LaTeX Font Warning: Font shape `OT1/lmss/m/scsl' undefined
(Font)              using `OT1/lmss/m/sc' instead on input line 283.

[36]
Overfull \hbox (4.64568pt too wide) in paragraph at lines 307--308
\OT1/lmr/m/n/10.95 in der Pro-gram-mier-spra-che C++. Der Quell-co-de enth[]alt
 Kom-men-ta-re und Er-kl[]arungen,
 []


LaTeX Font Warning: Font shape `OT1/lmss/m/scsl' undefined
(Font)              using `OT1/lmss/m/sc' instead on input line 313.

[37]

LaTeX Font Warning: Font shape `OT1/lmss/m/scsl' undefined
(Font)              using `OT1/lmss/m/sc' instead on input line 349.

[38]

LaTeX Font Warning: Font shape `OT1/lmss/m/scsl' undefined
(Font)              using `OT1/lmss/m/sc' instead on input line 383.

[39]

LaTeX Font Warning: Font shape `OT1/lmss/m/scsl' undefined
(Font)              using `OT1/lmss/m/sc' instead on input line 415.

[40]

LaTeX Font Warning: Font shape `OT1/lmss/m/scsl' undefined
(Font)              using `OT1/lmss/m/sc' instead on input line 448.

[41]
Overfull \hbox (13.80719pt too wide) in paragraph at lines 479--480
[][][][][][][][][][][][][][][][][][][][][][][][][][][][]  
 []


LaTeX Font Warning: Font shape `OT1/lmss/m/scsl' undefined
(Font)              using `OT1/lmss/m/sc' instead on input line 487.

[42]
Overfull \hbox (13.80719pt too wide) in paragraph at lines 500--501
[][][][][][][][][][][][][][][][][][][][][][][][][][][][]  
 []


Overfull \hbox (57.90764pt too wide) in paragraph at lines 521--522
[][][][][][][][][][][][][][][][][][][][][][][][][][][][]  
 []


LaTeX Font Warning: Font shape `OT1/lmss/m/scsl' undefined
(Font)              using `OT1/lmss/m/sc' instead on input line 526.

[43])

LaTeX Font Warning: Font shape `OT1/lmss/m/scsl' undefined
(Font)              using `OT1/lmss/m/sc' instead on input line 111.

[44] (Studienarbeit_Bericht.aux (inhalt/1_einleitung.aux)
(inhalt/2_grundlagen.aux)
(inhalt/3_Datenstrukturen-und-Implementierungsdetails.aux)
(inhalt/4_Evaluierung-und-PerformanceAnalyse.aux) (inhalt/7_Fazit.aux)
(inhalt/anhang.aux))

LaTeX Font Warning: Some font shapes were not available, defaults substituted.

Package rerunfilecheck Info: File `Studienarbeit_Bericht.out' has not changed.
(rerunfilecheck)             Checksum: D41D8CD98F00B204E9800998ECF8427E;0.
Package logreq Info: Writing requests to 'Studienarbeit_Bericht.run.xml'.
\openout1 = `Studienarbeit_Bericht.run.xml'.

 ) 
Here is how much of TeX's memory you used:
 36901 strings out of 476331
 761971 string characters out of 5787766
 1958660 words of memory out of 5000000
 56128 multiletter control sequences out of 15000+600000
 559732 words of font info for 58 fonts, out of 8000000 for 9000
 1143 hyphenation exceptions out of 8191
 115i,21n,111p,10950b,2658s stack positions out of 10000i,1000n,20000p,200000b,200000s
<C:/Users/seidj/AppData/Local/Programs/MiKTeX/fonts/type1/public/lm/lmcsc10.p
fb><C:/Users/seidj/AppData/Local/Programs/MiKTeX/fonts/type1/public/lm/lmmi10.p
fb><C:/Users/seidj/AppData/Local/Programs/MiKTeX/fonts/type1/public/lm/lmr10.pf
b><C:/Users/seidj/AppData/Local/Programs/MiKTeX/fonts/type1/public/lm/lmr12.pfb
><C:/Users/seidj/AppData/Local/Programs/MiKTeX/fonts/type1/public/lm/lmr17.pfb>
<C:/Users/seidj/AppData/Local/Programs/MiKTeX/fonts/type1/public/lm/lmri10.pfb>
<C:/Users/seidj/AppData/Local/Programs/MiKTeX/fonts/type1/public/lm/lmssbx10.pf
b><C:/Users/seidj/AppData/Local/Programs/MiKTeX/fonts/type1/public/lm/lmsso10.p
fb><C:/Users/seidj/AppData/Local/Programs/MiKTeX/fonts/type1/public/lm/lmtt10.p
fb>
Output written on Studienarbeit_Bericht.pdf (48 pages, 1755656 bytes).
PDF statistics:
 1192 PDF objects out of 1200 (max. 8388607)
 659 named destinations out of 1000 (max. 500000)
 338 words of extra memory for PDF output out of 10000 (max. 10000000)

